\BOOKMARK [1][-]{section*.1}{\376\377\000A\000b\000s\000t\000r\000a\000c\000t}{}% 1
\BOOKMARK [1][-]{section.1}{\376\377\0001\000\040\000I\000n\000t\000r\000o\000d\000u\000c\000t\000i\000o\000n}{}% 2
\BOOKMARK [1][-]{section.2}{\376\377\0002\000\040\000E\000x\000p\000e\000r\000i\000m\000e\000n\000t\000a\000l\000\040\000S\000e\000t\000u\000p}{}% 3
\BOOKMARK [2][-]{subsection.2.1}{\376\377\0002\000.\0001\000\040\000H\000a\000r\000d\000w\000a\000r\000e\000\040\000P\000l\000a\000t\000f\000o\000r\000m\000s}{section.2}% 4
\BOOKMARK [2][-]{subsection.2.2}{\376\377\0002\000.\0002\000\040\000M\000o\000d\000e\000l\000s\000\040\000a\000n\000d\000\040\000C\000o\000n\000f\000i\000g\000u\000r\000a\000t\000i\000o\000n\000s}{section.2}% 5
\BOOKMARK [2][-]{subsection.2.3}{\376\377\0002\000.\0003\000\040\000E\000n\000e\000r\000g\000y\000\040\000M\000e\000a\000s\000u\000r\000e\000m\000e\000n\000t\000\040\000P\000r\000o\000t\000o\000c\000o\000l}{section.2}% 6
\BOOKMARK [1][-]{section.3}{\376\377\0003\000\040\000R\000e\000s\000u\000l\000t\000s}{}% 7
\BOOKMARK [2][-]{subsection.3.1}{\376\377\0003\000.\0001\000\040\000E\000n\000e\000r\000g\000y\000\040\000V\000a\000r\000i\000e\000s\000\040\000b\000y\000\040\000O\000r\000d\000e\000r\000s\000\040\000o\000f\000\040\000M\000a\000g\000n\000i\000t\000u\000d\000e\000\040\000A\000c\000r\000o\000s\000s\000\040\000M\000o\000d\000a\000l\000i\000t\000i\000e\000s\000\040\000a\000n\000d\000\040\000H\000a\000r\000d\000w\000a\000r\000e}{section.3}% 8
\BOOKMARK [2][-]{subsection.3.2}{\376\377\0003\000.\0002\000\040\000E\000n\000e\000r\000g\000y\000\040\000S\000c\000a\000l\000i\000n\000g\000\040\000L\000a\000w\000s\000:\000\040\000S\000t\000r\000o\000n\000g\000\040\000F\000i\000t\000s\000\040\000f\000o\000r\000\040\000M\000o\000s\000t\000\040\000M\000o\000d\000a\000l\000i\000t\000i\000e\000s\000,\000\040\000W\000i\000t\000h\000\040\000N\000o\000t\000a\000b\000l\000e\000\040\000E\000x\000c\000e\000p\000t\000i\000o\000n\000s}{section.3}% 9
\BOOKMARK [2][-]{subsection.3.3}{\376\377\0003\000.\0003\000\040\000C\000r\000o\000s\000s\000o\000v\000e\000r\000\040\000P\000o\000i\000n\000t\000s\000\040\000D\000e\000p\000e\000n\000d\000\040\000o\000n\000\040\000A\000r\000c\000h\000i\000t\000e\000c\000t\000u\000r\000e\000\040\000a\000n\000d\000\040\000G\000P\000U\000\040\000G\000e\000n\000e\000r\000a\000t\000i\000o\000n}{section.3}% 10
\BOOKMARK [2][-]{subsection.3.4}{\376\377\0003\000.\0004\000\040\000T\000h\000e\000\040\000S\000p\000e\000e\000d\040\023\000E\000n\000e\000r\000g\000y\000\040\000T\000r\000a\000d\000e\000o\000f\000f\000:\000\040\000F\000o\000u\000r\000\040\000O\000p\000e\000r\000a\000t\000i\000o\000n\000a\000l\000\040\000R\000e\000g\000i\000m\000e\000s}{section.3}% 11
\BOOKMARK [2][-]{subsection.3.5}{\376\377\0003\000.\0005\000\040\000P\000o\000w\000e\000r\000\040\000P\000r\000o\000f\000i\000l\000e\000s\000\040\000E\000x\000p\000l\000a\000i\000n\000\040\000t\000h\000e\000\040\000C\000r\000o\000s\000s\000o\000v\000e\000r\000\040\000M\000e\000c\000h\000a\000n\000i\000s\000m}{section.3}% 12
\BOOKMARK [2][-]{subsection.3.6}{\376\377\0003\000.\0006\000\040\000C\000r\000o\000s\000s\000-\000M\000o\000d\000e\000l\000\040\000V\000a\000l\000i\000d\000a\000t\000i\000o\000n\000:\000\040\000S\000D\000X\000L\000\040\000C\000o\000n\000f\000i\000r\000m\000s\000\040\000P\000a\000t\000t\000e\000r\000n\000s}{section.3}% 13
\BOOKMARK [2][-]{subsection.3.7}{\376\377\0003\000.\0007\000\040\000B\000a\000t\000c\000h\000e\000d\000\040\000I\000n\000f\000e\000r\000e\000n\000c\000e\000:\000\040\000N\000a\000r\000r\000o\000w\000s\000\040\000B\000u\000t\000\040\000D\000o\000e\000s\000\040\000N\000o\000t\000\040\000E\000l\000i\000m\000i\000n\000a\000t\000e\000\040\000E\000d\000g\000e\000\040\000A\000d\000v\000a\000n\000t\000a\000g\000e}{section.3}% 14
\BOOKMARK [2][-]{subsection.3.8}{\376\377\0003\000.\0008\000\040\000E\000n\000e\000r\000g\000y\040\023\000Q\000u\000a\000l\000i\000t\000y\000\040\000T\000r\000a\000d\000e\000o\000f\000f}{section.3}% 15
\BOOKMARK [2][-]{subsection.3.9}{\376\377\0003\000.\0009\000\040\000M\000e\000a\000s\000u\000r\000e\000m\000e\000n\000t\000\040\000R\000e\000l\000i\000a\000b\000i\000l\000i\000t\000y}{section.3}% 16
\BOOKMARK [1][-]{section.4}{\376\377\0004\000\040\000D\000i\000s\000c\000u\000s\000s\000i\000o\000n\000:\000\040\000I\000m\000p\000l\000i\000c\000a\000t\000i\000o\000n\000s\000\040\000f\000o\000r\000\040\000A\000I\000\040\000S\000y\000s\000t\000e\000m\000s\000\040\000D\000e\000p\000l\000o\000y\000m\000e\000n\000t}{}% 17
\BOOKMARK [2][-]{subsection.4.1}{\376\377\0004\000.\0001\000\040\000M\000o\000d\000a\000l\000i\000t\000y\000-\000A\000w\000a\000r\000e\000\040\000R\000o\000u\000t\000i\000n\000g\000\040\000a\000s\000\040\000a\000\040\000S\000y\000s\000t\000e\000m\000s\000\040\000S\000t\000r\000a\000t\000e\000g\000y}{section.4}% 18
\BOOKMARK [2][-]{subsection.4.2}{\376\377\0004\000.\0002\000\040\000C\000o\000s\000t\000\040\000a\000n\000d\000\040\000L\000a\000t\000e\000n\000c\000y\000\040\000I\000m\000p\000l\000i\000c\000a\000t\000i\000o\000n\000s}{section.4}% 19
\BOOKMARK [2][-]{subsection.4.3}{\376\377\0004\000.\0003\000\040\000I\000m\000p\000l\000i\000c\000a\000t\000i\000o\000n\000s\000\040\000f\000o\000r\000\040\000M\000i\000x\000e\000d\000-\000F\000l\000e\000e\000t\000\040\000O\000p\000e\000r\000a\000t\000i\000o\000n}{section.4}% 20
\BOOKMARK [2][-]{subsection.4.4}{\376\377\0004\000.\0004\000\040\000T\000h\000e\000\040\000A\000r\000c\000h\000i\000t\000e\000c\000t\000u\000r\000a\000l\000\040\000D\000i\000v\000i\000d\000e\000:\000\040\000W\000h\000y\000\040\000C\000r\000o\000s\000s\000o\000v\000e\000r\000\040\000i\000s\000\040\000M\000o\000d\000a\000l\000i\000t\000y\000-\000S\000p\000e\000c\000i\000f\000i\000c}{section.4}% 21
\BOOKMARK [2][-]{subsection.4.5}{\376\377\0004\000.\0005\000\040\000G\000P\000U\000\040\000G\000e\000n\000e\000r\000a\000t\000i\000o\000n\000a\000l\000\040\000T\000r\000e\000n\000d\000s}{section.4}% 22
\BOOKMARK [2][-]{subsection.4.6}{\376\377\0004\000.\0006\000\040\000R\000e\000l\000a\000t\000i\000o\000n\000\040\000t\000o\000\040\000P\000r\000i\000o\000r\000\040\000W\000o\000r\000k}{section.4}% 23
\BOOKMARK [1][-]{section.5}{\376\377\0005\000\040\000S\000e\000n\000s\000i\000t\000i\000v\000i\000t\000y\000\040\000A\000n\000a\000l\000y\000s\000i\000s}{}% 24
\BOOKMARK [1][-]{section.6}{\376\377\0006\000\040\000P\000r\000o\000m\000p\000t\000\040\000I\000n\000v\000a\000r\000i\000a\000n\000c\000e\000\040\000V\000a\000l\000i\000d\000a\000t\000i\000o\000n}{}% 25
\BOOKMARK [1][-]{section.7}{\376\377\0007\000\040\000L\000i\000m\000i\000t\000a\000t\000i\000o\000n\000s}{}% 26
\BOOKMARK [1][-]{section.8}{\376\377\0008\000\040\000C\000o\000n\000c\000l\000u\000s\000i\000o\000n}{}% 27
\BOOKMARK [1][-]{section*.13}{\376\377\000A\000c\000k\000n\000o\000w\000l\000e\000d\000g\000m\000e\000n\000t\000s}{}% 28
\BOOKMARK [1][-]{section*.15}{\376\377\000R\000e\000f\000e\000r\000e\000n\000c\000e\000s}{}% 29
